status file for recon-all
Fri Jan 20 01:15:06 EST 2017
#@# MotionCor Fri Jan 20 01:15:06 EST 2017
#@# Talairach Fri Jan 20 01:17:15 EST 2017
#@# Talairach Failure Detection Fri Jan 20 01:24:07 EST 2017
#@# Nu Intensity Correction Fri Jan 20 01:24:07 EST 2017
#@# Intensity Normalization Fri Jan 20 01:34:50 EST 2017
#@# Skull Stripping Fri Jan 20 01:37:16 EST 2017
#@# EM Registration Fri Jan 20 01:46:52 EST 2017
#@# CA Normalize Fri Jan 20 01:55:49 EST 2017
#@# CA Reg Fri Jan 20 01:57:37 EST 2017
#@# SubCort Seg Fri Jan 20 04:29:10 EST 2017
#@# Merge ASeg Fri Jan 20 05:41:38 EST 2017
#@# Intensity Normalization2 Fri Jan 20 05:41:39 EST 2017
#@# Mask BFS Fri Jan 20 05:45:13 EST 2017
#@# WM Segmentation Fri Jan 20 05:45:15 EST 2017
#@# Fill Fri Jan 20 05:48:06 EST 2017
#@# Tessellate lh Fri Jan 20 05:48:56 EST 2017
#@# Tessellate rh Fri Jan 20 05:49:04 EST 2017
#@# Smooth1 lh Fri Jan 20 05:49:11 EST 2017
#@# Smooth1 rh Fri Jan 20 05:49:12 EST 2017
#@# Inflation1 lh Fri Jan 20 05:49:24 EST 2017
#@# Inflation1 rh Fri Jan 20 05:49:24 EST 2017
#@# QSphere lh Fri Jan 20 05:49:54 EST 2017
#@# QSphere rh Fri Jan 20 05:49:54 EST 2017
#@# Fix Topology Copy lh Fri Jan 20 05:52:36 EST 2017
#@# Fix Topology Copy rh Fri Jan 20 05:52:37 EST 2017
#@# Fix Topology lh Fri Jan 20 05:52:38 EST 2017
#@# Fix Topology rh Fri Jan 20 05:52:38 EST 2017
#@# Make White Surf lh Fri Jan 20 06:26:24 EST 2017
#@# Make White Surf rh Fri Jan 20 06:26:24 EST 2017
#@# Smooth2 lh Fri Jan 20 06:33:37 EST 2017
#@# Smooth2 rh Fri Jan 20 06:33:38 EST 2017
#@# Inflation2 lh Fri Jan 20 06:33:49 EST 2017
#@# Inflation2 rh Fri Jan 20 06:33:50 EST 2017
#@# Curv .H and .K lh Fri Jan 20 06:34:19 EST 2017
#@# Curv .H and .K rh Fri Jan 20 06:34:19 EST 2017
#@# Curvature Stats lh Fri Jan 20 06:35:42 EST 2017
#@# Curvature Stats rh Fri Jan 20 06:35:49 EST 2017
#@# Sphere lh Fri Jan 20 06:35:56 EST 2017
#@# Sphere rh Fri Jan 20 06:35:56 EST 2017
#@# Surf Reg lh Fri Jan 20 07:03:29 EST 2017
#@# Surf Reg rh Fri Jan 20 07:03:29 EST 2017
#@# Jacobian white lh Fri Jan 20 07:54:43 EST 2017
#@# Jacobian white rh Fri Jan 20 07:54:43 EST 2017
#@# AvgCurv lh Fri Jan 20 07:54:47 EST 2017
#@# AvgCurv rh Fri Jan 20 07:54:47 EST 2017
#@# Cortical Parc lh Fri Jan 20 07:54:50 EST 2017
#@# Cortical Parc rh Fri Jan 20 07:54:50 EST 2017
#@# Make Pial Surf lh Fri Jan 20 07:55:15 EST 2017
#@# Make Pial Surf rh Fri Jan 20 07:55:15 EST 2017
#@# Surf Volume lh Fri Jan 20 08:18:39 EST 2017
#@# Surf Volume rh Fri Jan 20 08:18:45 EST 2017
#@# Cortical ribbon mask Fri Jan 20 08:18:50 EST 2017
#@# Parcellation Stats lh Fri Jan 20 08:32:03 EST 2017
#@# Parcellation Stats rh Fri Jan 20 08:32:03 EST 2017
#@# Cortical Parc 2 lh Fri Jan 20 08:33:35 EST 2017
#@# Cortical Parc 2 rh Fri Jan 20 08:33:35 EST 2017
#@# Parcellation Stats 2 lh Fri Jan 20 08:34:04 EST 2017
#@# Parcellation Stats 2 rh Fri Jan 20 08:34:04 EST 2017
#@# Cortical Parc 3 lh Fri Jan 20 08:34:55 EST 2017
#@# Cortical Parc 3 rh Fri Jan 20 08:34:55 EST 2017
#@# Parcellation Stats 3 lh Fri Jan 20 08:35:19 EST 2017
#@# Parcellation Stats 3 rh Fri Jan 20 08:35:19 EST 2017
#@# WM/GM Contrast lh Fri Jan 20 08:36:08 EST 2017
#@# WM/GM Contrast rh Fri Jan 20 08:36:08 EST 2017
#@# Relabel Hypointensities Fri Jan 20 08:36:23 EST 2017
#@# AParc-to-ASeg aparc Fri Jan 20 08:36:50 EST 2017
#@# AParc-to-ASeg a2009s Fri Jan 20 08:36:50 EST 2017
#@# AParc-to-ASeg DKTatlas Fri Jan 20 08:36:50 EST 2017
#@# APas-to-ASeg Fri Jan 20 08:45:30 EST 2017
#@# ASeg Stats Fri Jan 20 08:45:38 EST 2017
#@# WMParc Fri Jan 20 08:47:15 EST 2017
#@# BA_exvivo Labels lh Fri Jan 20 08:54:04 EST 2017
#@# BA_exvivo Labels rh Fri Jan 20 08:56:45 EST 2017
recon-all -s bert finished without error at Fri Jan 20 08:59:23 EST 2017
